-1.416666666666666741e+00
-1.545454545454545414e+00
-1.727272727272727293e+00
-1.500000000000000000e+00
-1.384615384615384581e+00
-1.307692307692307709e+00
-1.727272727272727293e+00
-1.333333333333333259e+00
-1.461538461538461453e+00
-1.461538461538461453e+00
-1.461538461538461453e+00
-1.416666666666666741e+00
-1.307692307692307709e+00
-1.461538461538461453e+00
-1.416666666666666741e+00
-1.307692307692307709e+00
-1.230769230769230838e+00
-1.500000000000000000e+00
-1.384615384615384581e+00
-1.333333333333333259e+00
-1.333333333333333259e+00
-1.545454545454545414e+00
-1.583333333333333259e+00
-1.727272727272727293e+00
-1.500000000000000000e+00
